<?xml version="1.0" encoding="UTF-8" ?>
<testsuite tests="3" failures="0" name="stepDefinitions.TestRunner" time="0.127" errors="0" skipped="0">
  <properties>
[...]
</properties>
  <testcase classname="Creation of new stations" name="I want to create new stations" time="0.121"/>
  <testcase classname="Validating API without Key" name="I want to test the API without an API Key" time="0.002"/>
  <testcase classname="Verification and Deletion of all of the created station" name="I to check that the stations I created exist and then want to delete all of the stations I created" time="0.004"/>
</testsuite>